2011/12/23 22:38:56 にビルドを開始しました。
     1>ノード 2 上のプロジェクト "D:\My Document_D\kinect_workspace\testsdk\camouflage\camouflage\camouflage.vcxproj" (build ターゲット)。
     1>InitializeBuildStatus:
         "AlwaysCreate" が指定されたため "Debug\camouflage.unsuccessfulbuild" を作成しています。
       ClCompile:
         C:\Program Files\Microsoft Visual Studio 10.0\VC\bin\CL.exe /c /IC:\OpenCV2.2\include /I"C:\Program Files\OpenNI\Include" /ZI /nologo /W3 /WX- /Od /Oy- /D WIN32 /D _DEBUG /D _CONSOLE /D _UNICODE /D UNICODE /Gm /EHsc /RTC1 /MDd /GS /fp:precise /Zc:wchar_t /Zc:forScope /Fo"Debug\\" /Fd"Debug\vc100.pdb" /Gd /TP /analyze- /errorReport:prompt main.cpp
         main.cpp
     1>c:\opencv2.2\include\opencv2\flann\logger.h(66): warning C4996: 'fopen': This function or variable may be unsafe. Consider using fopen_s instead. To disable deprecation, use _CRT_SECURE_NO_WARNINGS. See online help for details.
                 c:\program files\microsoft visual studio 10.0\vc\include\stdio.h(234) : 'fopen' の宣言を確認してください。
     1>c:\opencv2.2\include\opencv2\legacy\compat.hpp : warning C4819: ファイルは、現在のコード ページ (932) で表示できない文字を含んでいます。データの損失を防ぐために、ファイルを Unicode 形式で保存してください。
     1>d:\my document_d\kinect_workspace\testsdk\camouflage\camouflage\skeltondrawer.h(59): warning C4244: '引数' : 'XnFloat' から 'int' への変換です。データが失われる可能性があります。
     1>d:\my document_d\kinect_workspace\testsdk\camouflage\camouflage\skeltondrawer.h(59): warning C4244: '引数' : 'XnFloat' から 'int' への変換です。データが失われる可能性があります。
     1>d:\my document_d\kinect_workspace\testsdk\camouflage\camouflage\skeltondrawer.h(59): warning C4244: '引数' : 'XnFloat' から 'int' への変換です。データが失われる可能性があります。
     1>d:\my document_d\kinect_workspace\testsdk\camouflage\camouflage\skeltondrawer.h(59): warning C4244: '引数' : 'XnFloat' から 'int' への変換です。データが失われる可能性があります。
     1>d:\my document_d\kinect_workspace\testsdk\camouflage\camouflage\main.cpp(93): warning C4996: 'xn::Context::InitFromXmlFile': Use other overload!
                 c:\program files\openni\include\xncppwrapper.h(5553) : 'xn::Context::InitFromXmlFile' の宣言を確認してください。
     1>d:\my document_d\kinect_workspace\testsdk\camouflage\camouflage\main.cpp(142): warning C4996: 'xn::PoseDetectionCapability::RegisterToPoseCallbacks': Please use RegisterToPoseDetected/RegisterToOutOfPose instead
                 c:\program files\openni\include\xncppwrapper.h(4626) : 'xn::PoseDetectionCapability::RegisterToPoseCallbacks' の宣言を確認してください。
     1>d:\my document_d\kinect_workspace\testsdk\camouflage\camouflage\main.cpp(149): warning C4996: 'xn::SkeletonCapability::RegisterCalibrationCallbacks': Please use RegisterToCalibrationStart/Complete
                 c:\program files\openni\include\xncppwrapper.h(4304) : 'xn::SkeletonCapability::RegisterCalibrationCallbacks' の宣言を確認してください。
     1>d:\my document_d\kinect_workspace\testsdk\camouflage\camouflage\main.cpp(196): warning C4018: '<' : signed と unsigned の数値を比較しようとしました。
     1>d:\my document_d\kinect_workspace\testsdk\camouflage\camouflage\main.cpp(197): warning C4018: '<' : signed と unsigned の数値を比較しようとしました。
       ManifestResourceCompile:
         すべての出力が最新のものです。
       Link:
         C:\Program Files\Microsoft Visual Studio 10.0\VC\bin\link.exe /ERRORREPORT:PROMPT /OUT:"D:\My Document_D\kinect_workspace\testsdk\camouflage\Debug\camouflage.exe" /INCREMENTAL /NOLOGO OpenNI.lib XnVNITE_1_5_2.lib opencv_core220d.lib opencv_highgui220d.lib opencv_objdetect220d.lib opencv_video220d.lib opencv_imgproc220d.lib kernel32.lib user32.lib gdi32.lib winspool.lib comdlg32.lib advapi32.lib shell32.lib ole32.lib oleaut32.lib uuid.lib odbc32.lib odbccp32.lib /MANIFEST /ManifestFile:"Debug\camouflage.exe.intermediate.manifest" /MANIFESTUAC:"level='asInvoker' uiAccess='false'" /DEBUG /PDB:"D:\My Document_D\kinect_workspace\testsdk\camouflage\Debug\camouflage.pdb" /SUBSYSTEM:CONSOLE /TLBID:1 /DYNAMICBASE /NXCOMPAT /IMPLIB:"D:\My Document_D\kinect_workspace\testsdk\camouflage\Debug\camouflage.lib" /MACHINE:X86 Debug\camouflage.exe.embed.manifest.res
         Debug\main.obj
       Manifest:
         C:\Program Files\Microsoft SDKs\Windows\v7.0A\bin\mt.exe /nologo /verbose /out:"Debug\camouflage.exe.embed.manifest" /manifest Debug\camouflage.exe.intermediate.manifest
         すべての出力が最新のものです。
       LinkEmbedManifest:
         すべての出力が最新のものです。
         camouflage.vcxproj -> D:\My Document_D\kinect_workspace\testsdk\camouflage\Debug\camouflage.exe
       FinalizeBuildStatus:
         ファイル "Debug\camouflage.unsuccessfulbuild" を削除しています。
         "Debug\camouflage.lastbuildstate" のタッチ タスクを実行しています。
     1>プロジェクト "D:\My Document_D\kinect_workspace\testsdk\camouflage\camouflage\camouflage.vcxproj" (build ターゲット) のビルドが完了しました。

ビルドに成功しました。

経過時間 00:00:02.83
